[debug] [2024-04-10T04:25:57.687Z] ----------------------------------------------------------------------
[debug] [2024-04-10T04:25:57.702Z] Command:       /usr/local/bin/node /usr/local/bin/firebase deploy
[debug] [2024-04-10T04:25:57.702Z] CLI Version:   13.7.1
[debug] [2024-04-10T04:25:57.702Z] Platform:      darwin
[debug] [2024-04-10T04:25:57.702Z] Node Version:  v20.11.0
[debug] [2024-04-10T04:25:57.702Z] Time:          Tue Apr 09 2024 23:25:57 GMT-0500 (Central Daylight Time)
[debug] [2024-04-10T04:25:57.703Z] ----------------------------------------------------------------------
[debug] 
[debug] [2024-04-10T04:25:57.736Z] > command requires scopes: ["email","openid","https://www.googleapis.com/auth/cloudplatformprojects.readonly","https://www.googleapis.com/auth/firebase","https://www.googleapis.com/auth/cloud-platform"]
[debug] [2024-04-10T04:25:57.736Z] > authorizing via signed-in user (hientrinhminh32@gmail.com)
[debug] [2024-04-10T04:25:57.736Z] [iam] checking project virtu-e3652 for permissions ["firebase.projects.get","firebasehosting.sites.update"]
[debug] [2024-04-10T04:25:57.737Z] >>> [apiv2][query] POST https://cloudresourcemanager.googleapis.com/v1/projects/virtu-e3652:testIamPermissions [none]
[debug] [2024-04-10T04:25:57.737Z] >>> [apiv2][(partial)header] POST https://cloudresourcemanager.googleapis.com/v1/projects/virtu-e3652:testIamPermissions x-goog-quota-user=projects/virtu-e3652
[debug] [2024-04-10T04:25:57.737Z] >>> [apiv2][body] POST https://cloudresourcemanager.googleapis.com/v1/projects/virtu-e3652:testIamPermissions {"permissions":["firebase.projects.get","firebasehosting.sites.update"]}
[debug] [2024-04-10T04:25:57.962Z] <<< [apiv2][status] POST https://cloudresourcemanager.googleapis.com/v1/projects/virtu-e3652:testIamPermissions 200
[debug] [2024-04-10T04:25:57.962Z] <<< [apiv2][body] POST https://cloudresourcemanager.googleapis.com/v1/projects/virtu-e3652:testIamPermissions {"permissions":["firebase.projects.get","firebasehosting.sites.update"]}
[debug] [2024-04-10T04:25:57.963Z] >>> [apiv2][query] GET https://firebase.googleapis.com/v1beta1/projects/virtu-e3652 [none]
[debug] [2024-04-10T04:25:58.133Z] <<< [apiv2][status] GET https://firebase.googleapis.com/v1beta1/projects/virtu-e3652 200
[debug] [2024-04-10T04:25:58.133Z] <<< [apiv2][body] GET https://firebase.googleapis.com/v1beta1/projects/virtu-e3652 {"projectId":"virtu-e3652","projectNumber":"284477716776","displayName":"Virtu","name":"projects/virtu-e3652","resources":{"hostingSite":"virtu-e3652"},"state":"ACTIVE","etag":"1_4ea379e0-5a65-482f-aac0-23fae09f3fa8"}
[debug] [2024-04-10T04:25:58.982Z] >>> [apiv2][query] GET https://firebasehosting.googleapis.com/v1beta1/projects/virtu-e3652/sites pageToken=&pageSize=10
[debug] [2024-04-10T04:25:59.307Z] <<< [apiv2][status] GET https://firebasehosting.googleapis.com/v1beta1/projects/virtu-e3652/sites 200
[debug] [2024-04-10T04:25:59.307Z] <<< [apiv2][body] GET https://firebasehosting.googleapis.com/v1beta1/projects/virtu-e3652/sites {"sites":[{"name":"projects/virtu-e3652/sites/virtu-e3652","defaultUrl":"https://virtu-e3652.web.app","type":"DEFAULT_SITE"}]}
[debug] [2024-04-10T04:25:59.308Z] >>> [apiv2][query] GET https://firebasehosting.googleapis.com/v1beta1/projects/virtu-e3652/sites 
[debug] [2024-04-10T04:25:59.657Z] <<< [apiv2][status] GET https://firebasehosting.googleapis.com/v1beta1/projects/virtu-e3652/sites 200
[debug] [2024-04-10T04:25:59.658Z] <<< [apiv2][body] GET https://firebasehosting.googleapis.com/v1beta1/projects/virtu-e3652/sites {"sites":[{"name":"projects/virtu-e3652/sites/virtu-e3652","defaultUrl":"https://virtu-e3652.web.app","type":"DEFAULT_SITE"}]}
[debug] [2024-04-10T04:25:59.658Z] >>> [apiv2][query] GET https://firebase.googleapis.com/v1beta1/projects/virtu-e3652/webApps/-/config [none]
[debug] [2024-04-10T04:25:59.830Z] <<< [apiv2][status] GET https://firebase.googleapis.com/v1beta1/projects/virtu-e3652/webApps/-/config 200
[debug] [2024-04-10T04:25:59.830Z] <<< [apiv2][body] GET https://firebase.googleapis.com/v1beta1/projects/virtu-e3652/webApps/-/config {"projectId":"virtu-e3652","storageBucket":"virtu-e3652.appspot.com","apiKey":"AIzaSyBY-z2B_OZVSZTBz26a9CUPEldkqHj5KEY","authDomain":"virtu-e3652.firebaseapp.com","messagingSenderId":"284477716776"}
[info] 
   Thank you for trying our early preview of Next.js support on Firebase Hosting.
   During the preview, support is best-effort and breaking changes can be expected. Proceed with caution.
   The integration is known to work with Next.js version 12 - 14.0. You may encounter errors.

   Documentation: https://firebase.google.com/docs/hosting/frameworks/nextjs
   File a bug: https://github.com/firebase/firebase-tools/issues/new?template=bug_report.md
   Submit a feature request: https://github.com/firebase/firebase-tools/issues/new?template=feature_request.md

   We'd love to learn from you. Express your interest in helping us shape the future of Firebase Hosting: https://goo.gle/41enW5X

[debug] [2024-04-10T04:26:01.441Z] >>> [apiv2][query] GET https://firebasehosting.googleapis.com/v1beta1/projects/virtu-e3652/sites/virtu-e3652 [none]
[debug] [2024-04-10T04:26:01.576Z] <<< [apiv2][status] GET https://firebasehosting.googleapis.com/v1beta1/projects/virtu-e3652/sites/virtu-e3652 200
[debug] [2024-04-10T04:26:01.576Z] <<< [apiv2][body] GET https://firebasehosting.googleapis.com/v1beta1/projects/virtu-e3652/sites/virtu-e3652 {"name":"projects/virtu-e3652/sites/virtu-e3652","defaultUrl":"https://virtu-e3652.web.app","type":"DEFAULT_SITE"}
[info]    ▲ Next.js 14.1.3

[info] 

[info]    Creating an optimized production build ...

[info]  ✓ Compiled successfully

[info]    Linting and checking validity of types ...

[info]    Collecting page data ...

[info]    Generating static pages (0/9) ...

[info]    Generating static pages (2/9) 

[info]    Generating static pages (4/9) 

[info]    Generating static pages (6/9) 

[info]  ✓ Generating static pages (9/9) 

[info]    Finalizing page optimization ...

[info]    Collecting build traces ...

[info] 

[info] Route (app)                              Size     First Load JS
┌ ○ /                                    1.29 kB        97.5 kB
├ ○ /_not-found                          882 B          85.3 kB
├ ○ /about                               2.01 kB        98.2 kB
├ ○ /about/charter                       9.27 kB         105 kB
├ ○ /about/team                          2.01 kB        98.2 kB
├ ○ /about/theme                         5.8 kB          102 kB
└ λ /posts/[slug]                        394 B          89.9 kB
+ First Load JS shared by all            84.4 kB
  ├ chunks/69-d99483c53a650561.js        29 kB
  ├ chunks/fd9d1056-109d1362b0553d90.js  53.4 kB
  └ other shared chunks (total)          2.03 kB


[info] 
○  (Static)   prerendered as static content
λ  (Dynamic)  server-rendered on demand using Node.js


[info] Building a Cloud Function to run this application. This is needed due to:
[info]  • Image Optimization
[info]  • non-static component /posts/[slug]/page
[info] 
[debug] [2024-04-10T04:26:10.333Z] >>> [apiv2][query] GET https://firebasehosting.googleapis.com/v1beta1/projects/virtu-e3652/sites/virtu-e3652 [none]
[debug] [2024-04-10T04:26:10.548Z] <<< [apiv2][status] GET https://firebasehosting.googleapis.com/v1beta1/projects/virtu-e3652/sites/virtu-e3652 200
[debug] [2024-04-10T04:26:10.548Z] <<< [apiv2][body] GET https://firebasehosting.googleapis.com/v1beta1/projects/virtu-e3652/sites/virtu-e3652 {"name":"projects/virtu-e3652/sites/virtu-e3652","defaultUrl":"https://virtu-e3652.web.app","type":"DEFAULT_SITE"}
[debug] [2024-04-10T04:26:18.725Z] [web frameworks] effective firebase.json:  {
  "hosting": [
    {
      "source": ".",
      "ignore": [
        "firebase.json",
        "**/.*",
        "**/node_modules/**"
      ],
      "frameworksBackend": {
        "region": "us-east1"
      },
      "site": "virtu-e3652",
      "rewrites": [
        {
          "source": "**",
          "function": {
            "functionId": "ssrvirtue3652",
            "region": "us-east1",
            "pinTag": true
          }
        }
      ],
      "redirects": [],
      "headers": [
        {
          "source": "/about/team",
          "headers": [
            {
              "key": "x-next-cache-tags",
              "value": "_N_T_/layout,_N_T_/about/layout,_N_T_/about/team/layout,_N_T_/about/team/page,_N_T_/about/team"
            }
          ]
        },
        {
          "source": "/about",
          "headers": [
            {
              "key": "x-next-cache-tags",
              "value": "_N_T_/layout,_N_T_/about/layout,_N_T_/about/page,_N_T_/about"
            }
          ]
        },
        {
          "source": "/about/theme",
          "headers": [
            {
              "key": "x-next-cache-tags",
              "value": "_N_T_/layout,_N_T_/about/layout,_N_T_/about/theme/layout,_N_T_/about/theme/page,_N_T_/about/theme"
            }
          ]
        },
        {
          "source": "/favicon.ico",
          "headers": [
            {
              "key": "cache-control",
              "value": "public, max-age=0, must-revalidate"
            },
            {
              "key": "content-type",
              "value": "image/x-icon"
            },
            {
              "key": "x-next-cache-tags",
              "value": "_N_T_/layout,_N_T_/favicon.ico/layout,_N_T_/favicon.ico/route,_N_T_/favicon.ico"
            }
          ]
        },
        {
          "source": "/about/charter",
          "headers": [
            {
              "key": "x-next-cache-tags",
              "value": "_N_T_/layout,_N_T_/about/layout,_N_T_/about/charter/layout,_N_T_/about/charter/page,_N_T_/about/charter"
            }
          ]
        },
        {
          "source": "**/*.[jt]s",
          "headers": [
            {
              "key": "Set-Cookie",
              "value": "__FIREBASE_DEFAULTS__=eyJjb25maWciOnsicHJvamVjdElkIjoidmlydHUtZTM2NTIiLCJzdG9yYWdlQnVja2V0IjoidmlydHUtZTM2NTIuYXBwc3BvdC5jb20iLCJhcGlLZXkiOiJBSXphU3lCWS16MkJfT1pWU1pUQnoyNmE5Q1VQRWxka3FIajVLRVkiLCJhdXRoRG9tYWluIjoidmlydHUtZTM2NTIuZmlyZWJhc2VhcHAuY29tIiwibWVzc2FnaW5nU2VuZGVySWQiOiIyODQ0Nzc3MTY3NzYifSwiX2F1dGhUb2tlblN5bmNVUkwiOiIvX19zZXNzaW9uIn0; SameSite=Strict; Expires=2026-03-05T15:06:18.725Z; Path=/;"
            }
          ]
        }
      ],
      "cleanUrls": true,
      "trailingSlash": false,
      "public": ".firebase/virtu-e3652/hosting",
      "webFramework": "next_ssr"
    }
  ],
  "functions": [
    {
      "source": ".firebase/virtu-e3652/functions",
      "codebase": "firebase-frameworks-virtu-e3652"
    }
  ]
}
[debug] [2024-04-10T04:26:18.726Z] > command requires scopes: ["email","openid","https://www.googleapis.com/auth/cloudplatformprojects.readonly","https://www.googleapis.com/auth/firebase","https://www.googleapis.com/auth/cloud-platform"]
[debug] [2024-04-10T04:26:18.726Z] > authorizing via signed-in user (hientrinhminh32@gmail.com)
[debug] [2024-04-10T04:26:18.726Z] [iam] checking project virtu-e3652 for permissions ["cloudfunctions.functions.create","cloudfunctions.functions.delete","cloudfunctions.functions.get","cloudfunctions.functions.list","cloudfunctions.functions.update","cloudfunctions.operations.get","firebase.projects.get"]
[debug] [2024-04-10T04:26:18.727Z] >>> [apiv2][query] POST https://cloudresourcemanager.googleapis.com/v1/projects/virtu-e3652:testIamPermissions [none]
[debug] [2024-04-10T04:26:18.727Z] >>> [apiv2][(partial)header] POST https://cloudresourcemanager.googleapis.com/v1/projects/virtu-e3652:testIamPermissions x-goog-quota-user=projects/virtu-e3652
[debug] [2024-04-10T04:26:18.727Z] >>> [apiv2][body] POST https://cloudresourcemanager.googleapis.com/v1/projects/virtu-e3652:testIamPermissions {"permissions":["cloudfunctions.functions.create","cloudfunctions.functions.delete","cloudfunctions.functions.get","cloudfunctions.functions.list","cloudfunctions.functions.update","cloudfunctions.operations.get","firebase.projects.get"]}
[debug] [2024-04-10T04:26:18.869Z] <<< [apiv2][status] POST https://cloudresourcemanager.googleapis.com/v1/projects/virtu-e3652:testIamPermissions 200
[debug] [2024-04-10T04:26:18.870Z] <<< [apiv2][body] POST https://cloudresourcemanager.googleapis.com/v1/projects/virtu-e3652:testIamPermissions {"permissions":["cloudfunctions.functions.create","cloudfunctions.functions.delete","cloudfunctions.functions.get","cloudfunctions.functions.list","cloudfunctions.functions.update","cloudfunctions.operations.get","firebase.projects.get"]}
[info] 
[info] === Deploying to 'virtu-e3652'...
[info] 
[info] i  deploying functions, hosting 
[debug] [2024-04-10T04:26:18.871Z] >>> [apiv2][query] GET https://firebase.googleapis.com/v1beta1/projects/virtu-e3652 [none]
[debug] [2024-04-10T04:26:19.000Z] <<< [apiv2][status] GET https://firebase.googleapis.com/v1beta1/projects/virtu-e3652 200
[debug] [2024-04-10T04:26:19.000Z] <<< [apiv2][body] GET https://firebase.googleapis.com/v1beta1/projects/virtu-e3652 {"projectId":"virtu-e3652","projectNumber":"284477716776","displayName":"Virtu","name":"projects/virtu-e3652","resources":{"hostingSite":"virtu-e3652"},"state":"ACTIVE","etag":"1_4ea379e0-5a65-482f-aac0-23fae09f3fa8"}
[info] i  functions: preparing codebase firebase-frameworks-virtu-e3652 for deployment 
[info] i  functions: ensuring required API cloudfunctions.googleapis.com is enabled... 
[info] i  functions: ensuring required API cloudbuild.googleapis.com is enabled... 
[info] i  artifactregistry: ensuring required API artifactregistry.googleapis.com is enabled... 
[debug] [2024-04-10T04:26:19.002Z] >>> [apiv2][query] GET https://serviceusage.googleapis.com/v1/projects/virtu-e3652/services/cloudfunctions.googleapis.com [none]
[debug] [2024-04-10T04:26:19.002Z] >>> [apiv2][(partial)header] GET https://serviceusage.googleapis.com/v1/projects/virtu-e3652/services/cloudfunctions.googleapis.com x-goog-quota-user=projects/virtu-e3652
[debug] [2024-04-10T04:26:19.004Z] >>> [apiv2][query] GET https://serviceusage.googleapis.com/v1/projects/virtu-e3652/services/runtimeconfig.googleapis.com [none]
[debug] [2024-04-10T04:26:19.004Z] >>> [apiv2][(partial)header] GET https://serviceusage.googleapis.com/v1/projects/virtu-e3652/services/runtimeconfig.googleapis.com x-goog-quota-user=projects/virtu-e3652
[debug] [2024-04-10T04:26:19.006Z] >>> [apiv2][query] GET https://serviceusage.googleapis.com/v1/projects/virtu-e3652/services/cloudbuild.googleapis.com [none]
[debug] [2024-04-10T04:26:19.006Z] >>> [apiv2][(partial)header] GET https://serviceusage.googleapis.com/v1/projects/virtu-e3652/services/cloudbuild.googleapis.com x-goog-quota-user=projects/virtu-e3652
[debug] [2024-04-10T04:26:19.008Z] >>> [apiv2][query] GET https://serviceusage.googleapis.com/v1/projects/virtu-e3652/services/artifactregistry.googleapis.com [none]
[debug] [2024-04-10T04:26:19.008Z] >>> [apiv2][(partial)header] GET https://serviceusage.googleapis.com/v1/projects/virtu-e3652/services/artifactregistry.googleapis.com x-goog-quota-user=projects/virtu-e3652
[debug] [2024-04-10T04:26:19.216Z] <<< [apiv2][status] GET https://serviceusage.googleapis.com/v1/projects/virtu-e3652/services/cloudbuild.googleapis.com 200
[debug] [2024-04-10T04:26:19.216Z] <<< [apiv2][body] GET https://serviceusage.googleapis.com/v1/projects/virtu-e3652/services/cloudbuild.googleapis.com [omitted]
[warn] ⚠  functions: missing required API cloudbuild.googleapis.com. Enabling now... 
[debug] [2024-04-10T04:26:19.217Z] >>> [apiv2][query] POST https://serviceusage.googleapis.com/v1/projects/virtu-e3652/services/cloudbuild.googleapis.com:enable [none]
[debug] [2024-04-10T04:26:19.217Z] >>> [apiv2][(partial)header] POST https://serviceusage.googleapis.com/v1/projects/virtu-e3652/services/cloudbuild.googleapis.com:enable x-goog-quota-user=projects/virtu-e3652
[debug] [2024-04-10T04:26:19.238Z] <<< [apiv2][status] GET https://serviceusage.googleapis.com/v1/projects/virtu-e3652/services/runtimeconfig.googleapis.com 200
[debug] [2024-04-10T04:26:19.238Z] <<< [apiv2][body] GET https://serviceusage.googleapis.com/v1/projects/virtu-e3652/services/runtimeconfig.googleapis.com [omitted]
[debug] [2024-04-10T04:26:19.273Z] <<< [apiv2][status] GET https://serviceusage.googleapis.com/v1/projects/virtu-e3652/services/artifactregistry.googleapis.com 200
[debug] [2024-04-10T04:26:19.273Z] <<< [apiv2][body] GET https://serviceusage.googleapis.com/v1/projects/virtu-e3652/services/artifactregistry.googleapis.com [omitted]
[warn] ⚠  artifactregistry: missing required API artifactregistry.googleapis.com. Enabling now... 
[debug] [2024-04-10T04:26:19.273Z] >>> [apiv2][query] POST https://serviceusage.googleapis.com/v1/projects/virtu-e3652/services/artifactregistry.googleapis.com:enable [none]
[debug] [2024-04-10T04:26:19.273Z] >>> [apiv2][(partial)header] POST https://serviceusage.googleapis.com/v1/projects/virtu-e3652/services/artifactregistry.googleapis.com:enable x-goog-quota-user=projects/virtu-e3652
[debug] [2024-04-10T04:26:19.281Z] <<< [apiv2][status] GET https://serviceusage.googleapis.com/v1/projects/virtu-e3652/services/cloudfunctions.googleapis.com 200
[debug] [2024-04-10T04:26:19.281Z] <<< [apiv2][body] GET https://serviceusage.googleapis.com/v1/projects/virtu-e3652/services/cloudfunctions.googleapis.com [omitted]
[info] ✔  functions: required API cloudfunctions.googleapis.com is enabled 
[debug] [2024-04-10T04:26:19.655Z] <<< [apiv2][status] POST https://serviceusage.googleapis.com/v1/projects/virtu-e3652/services/cloudbuild.googleapis.com:enable 200
[debug] [2024-04-10T04:26:19.656Z] <<< [apiv2][body] POST https://serviceusage.googleapis.com/v1/projects/virtu-e3652/services/cloudbuild.googleapis.com:enable [omitted]
[debug] [2024-04-10T04:26:19.690Z] <<< [apiv2][status] POST https://serviceusage.googleapis.com/v1/projects/virtu-e3652/services/artifactregistry.googleapis.com:enable 200
[debug] [2024-04-10T04:26:19.690Z] <<< [apiv2][body] POST https://serviceusage.googleapis.com/v1/projects/virtu-e3652/services/artifactregistry.googleapis.com:enable [omitted]
[debug] [2024-04-10T04:26:29.659Z] >>> [apiv2][query] GET https://serviceusage.googleapis.com/v1/projects/virtu-e3652/services/cloudbuild.googleapis.com [none]
[debug] [2024-04-10T04:26:29.659Z] >>> [apiv2][(partial)header] GET https://serviceusage.googleapis.com/v1/projects/virtu-e3652/services/cloudbuild.googleapis.com x-goog-quota-user=projects/virtu-e3652
[debug] [2024-04-10T04:26:29.691Z] >>> [apiv2][query] GET https://serviceusage.googleapis.com/v1/projects/virtu-e3652/services/artifactregistry.googleapis.com [none]
[debug] [2024-04-10T04:26:29.691Z] >>> [apiv2][(partial)header] GET https://serviceusage.googleapis.com/v1/projects/virtu-e3652/services/artifactregistry.googleapis.com x-goog-quota-user=projects/virtu-e3652
[debug] [2024-04-10T04:26:29.942Z] <<< [apiv2][status] GET https://serviceusage.googleapis.com/v1/projects/virtu-e3652/services/cloudbuild.googleapis.com 200
[debug] [2024-04-10T04:26:29.943Z] <<< [apiv2][body] GET https://serviceusage.googleapis.com/v1/projects/virtu-e3652/services/cloudbuild.googleapis.com [omitted]
[info] ✔  functions: required API cloudbuild.googleapis.com is enabled 
[debug] [2024-04-10T04:26:30.029Z] <<< [apiv2][status] GET https://serviceusage.googleapis.com/v1/projects/virtu-e3652/services/artifactregistry.googleapis.com 200
[debug] [2024-04-10T04:26:30.029Z] <<< [apiv2][body] GET https://serviceusage.googleapis.com/v1/projects/virtu-e3652/services/artifactregistry.googleapis.com [omitted]
[info] ✔  artifactregistry: required API artifactregistry.googleapis.com is enabled 
[debug] [2024-04-10T04:26:30.031Z] >>> [apiv2][query] GET https://firebase.googleapis.com/v1beta1/projects/virtu-e3652/adminSdkConfig [none]
[debug] [2024-04-10T04:26:30.217Z] <<< [apiv2][status] GET https://firebase.googleapis.com/v1beta1/projects/virtu-e3652/adminSdkConfig 200
[debug] [2024-04-10T04:26:30.217Z] <<< [apiv2][body] GET https://firebase.googleapis.com/v1beta1/projects/virtu-e3652/adminSdkConfig {"projectId":"virtu-e3652","storageBucket":"virtu-e3652.appspot.com"}
[debug] [2024-04-10T04:26:30.218Z] >>> [apiv2][query] GET https://runtimeconfig.googleapis.com/v1beta1/projects/virtu-e3652/configs [none]
[debug] [2024-04-10T04:26:30.488Z] <<< [apiv2][status] GET https://runtimeconfig.googleapis.com/v1beta1/projects/virtu-e3652/configs 200
[debug] [2024-04-10T04:26:30.489Z] <<< [apiv2][body] GET https://runtimeconfig.googleapis.com/v1beta1/projects/virtu-e3652/configs {}
[debug] [2024-04-10T04:26:30.490Z] Validating nodejs source
[debug] [2024-04-10T04:26:30.971Z] > [functions] package.json contents: {
  "name": "starter",
  "version": "0.1.0",
  "private": true,
  "dependencies": {
    "eslint": "8.48.0",
    "eslint-config-next": "13.4.19",
    "firebase": "^10.10.0",
    "next": "^14.1.3",
    "react": "18.2.0",
    "react-dom": "18.2.0",
    "sharp": "^0.32.1",
    "firebase-frameworks": "^0.11.0",
    "firebase-functions": "^4.5.0",
    "firebase-admin": "^11.11.1"
  },
  "main": "server.js",
  "engines": {
    "node": "20"
  }
}
[debug] [2024-04-10T04:26:30.971Z] Building nodejs source
[info] i  functions: Loading and analyzing source code for codebase firebase-frameworks-virtu-e3652 to determine what to deploy 
[debug] [2024-04-10T04:26:30.972Z] Could not find functions.yaml. Must use http discovery
[debug] [2024-04-10T04:26:30.977Z] Found firebase-functions binary at '/Users/hientrinh/Desktop/nextjs-projects/Virtu-journal/.firebase/virtu-e3652/functions/node_modules/.bin/firebase-functions'
[info] Serving at port 8801

[debug] [2024-04-10T04:26:31.253Z] Got response from /__/functions.yaml {"endpoints":{"ssrvirtue3652":{"availableMemoryMb":null,"timeoutSeconds":null,"minInstances":null,"maxInstances":null,"ingressSettings":null,"concurrency":null,"serviceAccountEmail":null,"vpc":null,"platform":"gcfv2","region":["us-east1"],"labels":{},"httpsTrigger":{},"entryPoint":"ssrvirtue3652"}},"specVersion":"v1alpha1","requiredAPIs":[]}
[info] i  functions: Loaded environment variables from .env. 
[info] i  functions: preparing .firebase/virtu-e3652/functions directory for uploading... 
[info] i  functions: packaged /Users/hientrinh/Desktop/nextjs-projects/Virtu-journal/.firebase/virtu-e3652/functions (11.4 MB) for uploading 
[debug] [2024-04-10T04:26:36.809Z] >>> [apiv2][query] GET https://cloudfunctions.googleapis.com/v1/projects/virtu-e3652/locations/-/functions [none]
[debug] [2024-04-10T04:26:37.520Z] <<< [apiv2][status] GET https://cloudfunctions.googleapis.com/v1/projects/virtu-e3652/locations/-/functions 200
[debug] [2024-04-10T04:26:37.521Z] <<< [apiv2][body] GET https://cloudfunctions.googleapis.com/v1/projects/virtu-e3652/locations/-/functions {}
[debug] [2024-04-10T04:26:37.522Z] >>> [apiv2][query] GET https://cloudfunctions.googleapis.com/v2/projects/virtu-e3652/locations/-/functions filter=environment%3D%22GEN_2%22
[debug] [2024-04-10T04:26:37.875Z] <<< [apiv2][status] GET https://cloudfunctions.googleapis.com/v2/projects/virtu-e3652/locations/-/functions 200
[debug] [2024-04-10T04:26:37.875Z] <<< [apiv2][body] GET https://cloudfunctions.googleapis.com/v2/projects/virtu-e3652/locations/-/functions {}
[info] i  functions: ensuring required API run.googleapis.com is enabled... 
[info] i  functions: ensuring required API eventarc.googleapis.com is enabled... 
[info] i  functions: ensuring required API pubsub.googleapis.com is enabled... 
[info] i  functions: ensuring required API storage.googleapis.com is enabled... 
[debug] [2024-04-10T04:26:37.878Z] >>> [apiv2][query] GET https://serviceusage.googleapis.com/v1/projects/virtu-e3652/services/run.googleapis.com [none]
[debug] [2024-04-10T04:26:37.878Z] >>> [apiv2][(partial)header] GET https://serviceusage.googleapis.com/v1/projects/virtu-e3652/services/run.googleapis.com x-goog-quota-user=projects/virtu-e3652
[debug] [2024-04-10T04:26:37.880Z] >>> [apiv2][query] GET https://serviceusage.googleapis.com/v1/projects/virtu-e3652/services/eventarc.googleapis.com [none]
[debug] [2024-04-10T04:26:37.881Z] >>> [apiv2][(partial)header] GET https://serviceusage.googleapis.com/v1/projects/virtu-e3652/services/eventarc.googleapis.com x-goog-quota-user=projects/virtu-e3652
[debug] [2024-04-10T04:26:37.882Z] >>> [apiv2][query] GET https://serviceusage.googleapis.com/v1/projects/virtu-e3652/services/pubsub.googleapis.com [none]
[debug] [2024-04-10T04:26:37.883Z] >>> [apiv2][(partial)header] GET https://serviceusage.googleapis.com/v1/projects/virtu-e3652/services/pubsub.googleapis.com x-goog-quota-user=projects/virtu-e3652
[debug] [2024-04-10T04:26:37.884Z] >>> [apiv2][query] GET https://serviceusage.googleapis.com/v1/projects/virtu-e3652/services/storage.googleapis.com [none]
[debug] [2024-04-10T04:26:37.884Z] >>> [apiv2][(partial)header] GET https://serviceusage.googleapis.com/v1/projects/virtu-e3652/services/storage.googleapis.com x-goog-quota-user=projects/virtu-e3652
[debug] [2024-04-10T04:26:38.148Z] <<< [apiv2][status] GET https://serviceusage.googleapis.com/v1/projects/virtu-e3652/services/eventarc.googleapis.com 200
[debug] [2024-04-10T04:26:38.148Z] <<< [apiv2][body] GET https://serviceusage.googleapis.com/v1/projects/virtu-e3652/services/eventarc.googleapis.com [omitted]
[warn] ⚠  functions: missing required API eventarc.googleapis.com. Enabling now... 
[debug] [2024-04-10T04:26:38.149Z] >>> [apiv2][query] POST https://serviceusage.googleapis.com/v1/projects/virtu-e3652/services/eventarc.googleapis.com:enable [none]
[debug] [2024-04-10T04:26:38.149Z] >>> [apiv2][(partial)header] POST https://serviceusage.googleapis.com/v1/projects/virtu-e3652/services/eventarc.googleapis.com:enable x-goog-quota-user=projects/virtu-e3652
[debug] [2024-04-10T04:26:38.151Z] <<< [apiv2][status] GET https://serviceusage.googleapis.com/v1/projects/virtu-e3652/services/storage.googleapis.com 200
[debug] [2024-04-10T04:26:38.151Z] <<< [apiv2][body] GET https://serviceusage.googleapis.com/v1/projects/virtu-e3652/services/storage.googleapis.com [omitted]
[info] ✔  functions: required API storage.googleapis.com is enabled 
[debug] [2024-04-10T04:26:38.155Z] <<< [apiv2][status] GET https://serviceusage.googleapis.com/v1/projects/virtu-e3652/services/pubsub.googleapis.com 200
[debug] [2024-04-10T04:26:38.155Z] <<< [apiv2][body] GET https://serviceusage.googleapis.com/v1/projects/virtu-e3652/services/pubsub.googleapis.com [omitted]
[info] ✔  functions: required API pubsub.googleapis.com is enabled 
[debug] [2024-04-10T04:26:38.156Z] <<< [apiv2][status] GET https://serviceusage.googleapis.com/v1/projects/virtu-e3652/services/run.googleapis.com 200
[debug] [2024-04-10T04:26:38.156Z] <<< [apiv2][body] GET https://serviceusage.googleapis.com/v1/projects/virtu-e3652/services/run.googleapis.com [omitted]
[warn] ⚠  functions: missing required API run.googleapis.com. Enabling now... 
[debug] [2024-04-10T04:26:38.157Z] >>> [apiv2][query] POST https://serviceusage.googleapis.com/v1/projects/virtu-e3652/services/run.googleapis.com:enable [none]
[debug] [2024-04-10T04:26:38.157Z] >>> [apiv2][(partial)header] POST https://serviceusage.googleapis.com/v1/projects/virtu-e3652/services/run.googleapis.com:enable x-goog-quota-user=projects/virtu-e3652
[debug] [2024-04-10T04:26:38.595Z] <<< [apiv2][status] POST https://serviceusage.googleapis.com/v1/projects/virtu-e3652/services/eventarc.googleapis.com:enable 200
[debug] [2024-04-10T04:26:38.595Z] <<< [apiv2][body] POST https://serviceusage.googleapis.com/v1/projects/virtu-e3652/services/eventarc.googleapis.com:enable [omitted]
[debug] [2024-04-10T04:26:38.792Z] <<< [apiv2][status] POST https://serviceusage.googleapis.com/v1/projects/virtu-e3652/services/run.googleapis.com:enable 200
[debug] [2024-04-10T04:26:38.792Z] <<< [apiv2][body] POST https://serviceusage.googleapis.com/v1/projects/virtu-e3652/services/run.googleapis.com:enable [omitted]
[debug] [2024-04-10T04:26:48.596Z] >>> [apiv2][query] GET https://serviceusage.googleapis.com/v1/projects/virtu-e3652/services/eventarc.googleapis.com [none]
[debug] [2024-04-10T04:26:48.596Z] >>> [apiv2][(partial)header] GET https://serviceusage.googleapis.com/v1/projects/virtu-e3652/services/eventarc.googleapis.com x-goog-quota-user=projects/virtu-e3652
[debug] [2024-04-10T04:26:48.794Z] >>> [apiv2][query] GET https://serviceusage.googleapis.com/v1/projects/virtu-e3652/services/run.googleapis.com [none]
[debug] [2024-04-10T04:26:48.794Z] >>> [apiv2][(partial)header] GET https://serviceusage.googleapis.com/v1/projects/virtu-e3652/services/run.googleapis.com x-goog-quota-user=projects/virtu-e3652
[debug] [2024-04-10T04:26:48.852Z] <<< [apiv2][status] GET https://serviceusage.googleapis.com/v1/projects/virtu-e3652/services/eventarc.googleapis.com 200
[debug] [2024-04-10T04:26:48.852Z] <<< [apiv2][body] GET https://serviceusage.googleapis.com/v1/projects/virtu-e3652/services/eventarc.googleapis.com [omitted]
[info] ✔  functions: required API eventarc.googleapis.com is enabled 
[debug] [2024-04-10T04:26:49.058Z] <<< [apiv2][status] GET https://serviceusage.googleapis.com/v1/projects/virtu-e3652/services/run.googleapis.com 200
[debug] [2024-04-10T04:26:49.058Z] <<< [apiv2][body] GET https://serviceusage.googleapis.com/v1/projects/virtu-e3652/services/run.googleapis.com [omitted]
[info] ✔  functions: required API run.googleapis.com is enabled 
[info] i  functions: generating the service identity for pubsub.googleapis.com... 
[info] i  functions: generating the service identity for eventarc.googleapis.com... 
[debug] [2024-04-10T04:26:49.058Z] >>> [apiv2][query] POST https://serviceusage.googleapis.com/v1beta1/projects/284477716776/services/pubsub.googleapis.com:generateServiceIdentity [none]
[debug] [2024-04-10T04:26:49.059Z] >>> [apiv2][query] POST https://serviceusage.googleapis.com/v1beta1/projects/284477716776/services/eventarc.googleapis.com:generateServiceIdentity [none]
[debug] [2024-04-10T04:26:49.859Z] <<< [apiv2][status] POST https://serviceusage.googleapis.com/v1beta1/projects/284477716776/services/pubsub.googleapis.com:generateServiceIdentity 200
[debug] [2024-04-10T04:26:49.859Z] <<< [apiv2][body] POST https://serviceusage.googleapis.com/v1beta1/projects/284477716776/services/pubsub.googleapis.com:generateServiceIdentity {"name":"operations/finished.DONE_OPERATION","done":true,"response":{"@type":"type.googleapis.com/google.api.serviceusage.v1beta1.ServiceIdentity","email":"service-284477716776@gcp-sa-pubsub.iam.gserviceaccount.com","uniqueId":"114279495633863760349"}}
[debug] [2024-04-10T04:26:49.860Z] <<< [apiv2][status] POST https://serviceusage.googleapis.com/v1beta1/projects/284477716776/services/eventarc.googleapis.com:generateServiceIdentity 200
[debug] [2024-04-10T04:26:49.860Z] <<< [apiv2][body] POST https://serviceusage.googleapis.com/v1beta1/projects/284477716776/services/eventarc.googleapis.com:generateServiceIdentity {"name":"operations/finished.DONE_OPERATION","done":true,"response":{"@type":"type.googleapis.com/google.api.serviceusage.v1beta1.ServiceIdentity","email":"service-284477716776@gcp-sa-eventarc.iam.gserviceaccount.com","uniqueId":"102266634618501714289"}}
[debug] [2024-04-10T04:26:49.861Z] >>> [apiv2][query] GET https://firebase.googleapis.com/v1beta1/projects/virtu-e3652 [none]
[debug] [2024-04-10T04:26:49.972Z] <<< [apiv2][status] GET https://firebase.googleapis.com/v1beta1/projects/virtu-e3652 200
[debug] [2024-04-10T04:26:49.972Z] <<< [apiv2][body] GET https://firebase.googleapis.com/v1beta1/projects/virtu-e3652 {"projectId":"virtu-e3652","projectNumber":"284477716776","displayName":"Virtu","name":"projects/virtu-e3652","resources":{"hostingSite":"virtu-e3652"},"state":"ACTIVE","etag":"1_4ea379e0-5a65-482f-aac0-23fae09f3fa8"}
[debug] [2024-04-10T04:26:49.974Z] >>> [apiv2][query] POST https://firebasehosting.googleapis.com/v1beta1/projects/-/sites/virtu-e3652/versions [none]
[debug] [2024-04-10T04:26:49.974Z] >>> [apiv2][body] POST https://firebasehosting.googleapis.com/v1beta1/projects/-/sites/virtu-e3652/versions {"status":"CREATED","labels":{"deployment-tool":"cli-firebase","firebase-web-framework":"next_ssr"}}
[debug] [2024-04-10T04:26:50.365Z] <<< [apiv2][status] POST https://firebasehosting.googleapis.com/v1beta1/projects/-/sites/virtu-e3652/versions 200
[debug] [2024-04-10T04:26:50.365Z] <<< [apiv2][body] POST https://firebasehosting.googleapis.com/v1beta1/projects/-/sites/virtu-e3652/versions {"name":"projects/284477716776/sites/virtu-e3652/versions/b0e7f0f34deda927","status":"CREATED","config":{},"labels":{"firebase-web-framework":"next_ssr","deployment-tool":"cli-firebase"}}
[debug] [2024-04-10T04:26:50.365Z] [functions] found 1 new HTTP functions, testing setIamPolicy permission...
[debug] [2024-04-10T04:26:50.365Z] >>> [apiv2][query] POST https://cloudresourcemanager.googleapis.com/v1/projects/virtu-e3652:testIamPermissions [none]
[debug] [2024-04-10T04:26:50.365Z] >>> [apiv2][(partial)header] POST https://cloudresourcemanager.googleapis.com/v1/projects/virtu-e3652:testIamPermissions x-goog-quota-user=projects/virtu-e3652
[debug] [2024-04-10T04:26:50.365Z] >>> [apiv2][body] POST https://cloudresourcemanager.googleapis.com/v1/projects/virtu-e3652:testIamPermissions {"permissions":["cloudfunctions.functions.setIamPolicy"]}
[debug] [2024-04-10T04:26:50.514Z] <<< [apiv2][status] POST https://cloudresourcemanager.googleapis.com/v1/projects/virtu-e3652:testIamPermissions 200
[debug] [2024-04-10T04:26:50.514Z] <<< [apiv2][body] POST https://cloudresourcemanager.googleapis.com/v1/projects/virtu-e3652:testIamPermissions {"permissions":["cloudfunctions.functions.setIamPolicy"]}
[debug] [2024-04-10T04:26:50.514Z] [functions] found setIamPolicy permission, proceeding with deploy
[debug] [2024-04-10T04:26:50.514Z] >>> [apiv2][query] POST https://cloudfunctions.googleapis.com/v2/projects/virtu-e3652/locations/us-east1/functions:generateUploadUrl [none]
[debug] [2024-04-10T04:26:52.581Z] <<< [apiv2][status] POST https://cloudfunctions.googleapis.com/v2/projects/virtu-e3652/locations/us-east1/functions:generateUploadUrl 200
[debug] [2024-04-10T04:26:52.581Z] <<< [apiv2][body] POST https://cloudfunctions.googleapis.com/v2/projects/virtu-e3652/locations/us-east1/functions:generateUploadUrl {"uploadUrl":"https://storage.googleapis.com/gcf-v2-uploads-284477716776-us-east1/a9fac571-81c4-4177-b415-415c0cdcfdc3.zip?GoogleAccessId=service-284477716776@gcf-admin-robot.iam.gserviceaccount.com&Expires=1712725012&Signature=Sbi1pOf%2FkzG7189xlCzI%2BMFExJKhWamW%2BSzT8d4Z9YaFJMM8uqCFwqLlg6rjucnhGUOhTWGsTr1TuW%2FUEG0prKrSk%2B%2B%2B3uL%2BahzhS%2FVHlw%2BymLvkiDUTodI0gZ2TGGPdFfmzjJEfvyi1M79Tg%2B1uwH8XsFdoLOgeSZrsv44DJKkGGCyHTZ%2BIlOVJn4MUlD7%2FamOjXJyIDJwTOSnbWUB2RLGUNlwTHJl1zylUt0XI2WE8SFXrgr1Y1F7q7bBX5b1YMLPTDUGFkjENxC%2Fxgu2gbbBhCIxhoppc73gowZmrsrunwjbcvdaql%2FL7ozWfwwNfnShtGxhCAfDWRaSj0EIBlg%3D%3D","storageSource":{"bucket":"gcf-v2-uploads-284477716776-us-east1","object":"a9fac571-81c4-4177-b415-415c0cdcfdc3.zip"}}
[debug] [2024-04-10T04:26:52.582Z] >>> [apiv2][query] PUT https://storage.googleapis.com/gcf-v2-uploads-284477716776-us-east1/a9fac571-81c4-4177-b415-415c0cdcfdc3.zip GoogleAccessId=service-284477716776%40gcf-admin-robot.iam.gserviceaccount.com&Expires=1712725012&Signature=Sbi1pOf%2FkzG7189xlCzI%2BMFExJKhWamW%2BSzT8d4Z9YaFJMM8uqCFwqLlg6rjucnhGUOhTWGsTr1TuW%2FUEG0prKrSk%2B%2B%2B3uL%2BahzhS%2FVHlw%2BymLvkiDUTodI0gZ2TGGPdFfmzjJEfvyi1M79Tg%2B1uwH8XsFdoLOgeSZrsv44DJKkGGCyHTZ%2BIlOVJn4MUlD7%2FamOjXJyIDJwTOSnbWUB2RLGUNlwTHJl1zylUt0XI2WE8SFXrgr1Y1F7q7bBX5b1YMLPTDUGFkjENxC%2Fxgu2gbbBhCIxhoppc73gowZmrsrunwjbcvdaql%2FL7ozWfwwNfnShtGxhCAfDWRaSj0EIBlg%3D%3D
[debug] [2024-04-10T04:26:52.582Z] >>> [apiv2][body] PUT https://storage.googleapis.com/gcf-v2-uploads-284477716776-us-east1/a9fac571-81c4-4177-b415-415c0cdcfdc3.zip [stream]
[debug] [2024-04-10T04:26:53.323Z] <<< [apiv2][status] PUT https://storage.googleapis.com/gcf-v2-uploads-284477716776-us-east1/a9fac571-81c4-4177-b415-415c0cdcfdc3.zip 200
[debug] [2024-04-10T04:26:53.324Z] <<< [apiv2][body] PUT https://storage.googleapis.com/gcf-v2-uploads-284477716776-us-east1/a9fac571-81c4-4177-b415-415c0cdcfdc3.zip [omitted]
[info] ✔  functions: .firebase/virtu-e3652/functions folder uploaded successfully 
[info] i  hosting[virtu-e3652]: beginning deploy... 
[info] i  hosting[virtu-e3652]: found 53 files in .firebase/virtu-e3652/hosting 
[debug] [2024-04-10T04:26:53.330Z] [hosting] uploading with 200 concurrency
[debug] [2024-04-10T04:26:53.331Z] [hosting] hash cache [LmZpcmViYXNlL3ZpcnR1LWUzNjUyL2hvc3Rpbmc] not populated
[debug] [2024-04-10T04:26:53.389Z] [hosting] hash cache [LmZpcmViYXNlL3ZpcnR1LWUzNjUyL2hvc3Rpbmc] stored for 53 files
[debug] [2024-04-10T04:26:53.389Z] [hosting][hash queue][FINAL] {"max":56,"min":7,"avg":17.754716981132074,"active":0,"complete":53,"success":53,"errored":0,"retried":0,"total":53,"elapsed":57}
[debug] [2024-04-10T04:26:53.389Z] >>> [apiv2][query] POST https://firebasehosting.googleapis.com/v1beta1/projects/284477716776/sites/virtu-e3652/versions/b0e7f0f34deda927:populateFiles [none]
[debug] [2024-04-10T04:26:53.390Z] >>> [apiv2][body] POST https://firebasehosting.googleapis.com/v1beta1/projects/284477716776/sites/virtu-e3652/versions/b0e7f0f34deda927:populateFiles {"files":{"/404.html":"e460c5860272451eff92828f10dba5f8e57eaf9242b1d2bf1f7687ce1b9b3909","/about.html":"22b68e336902efaf460076f08d1cfca7e6b10d5e86e5af2e3165889aba3d798a","/instagram.png":"df91f8ca8fbf58332b43ba9f58b032ba6fa95250d19f012ea40e10d2292fccbb","/logo.png":"18283b9b6fb0d48c72d6490ed251363615e5cca0f23dab437efeb3bb85fa698a","/moon.png":"96cc267b2c84cf402cdf38df7dfc4138822cd9d8e57430fb13b06ac5530add82","/facebook.png":"0649b82e2551974db38bed960e30284aaffe7480a5e1e2a9039194f5aa153bf4","/sun.png":"3f0cc69b16d9a389507f77d6436f96d8738cbb90334cb44f7cb280d62ac2dac7","/tiktok.png":"e26a6096545d80e008f869d91a36314950a22f23252da69e7b1d43476cff3629","/youtube.png":"453cca67cb4ab77b6b2d383f0c6937344faf22ca71bab1628362403c85aa1bb7","/_next/static/HQYZxNBZeIaIjpBP0a85z/_buildManifest.js":"d54a60fcccf48ac246d9d61aba82cbda105fa82022fcf7418b1e6b68ac771cd8","/index.html":"35ddd38ad52e55b82364699c0438799db478a04b55c32a2f99c816601e170861","/_next/static/HQYZxNBZeIaIjpBP0a85z/_ssgManifest.js":"02dbc1aeab6ef0a6ff2ff9a1643158cf9bb38929945eaa343a3627dee9ba6778","/favicon.ico":"8b9c4dce3353938d2027ab21f0489807587db05d65ef390a6947d32312e501a0","/_next/static/chunks/main-app-91c139d33bd355e2.js":"bf7859c57064325b567e6293a5158dd450f890a6c7563915baccc0a13ea2ad5e","/_next/static/chunks/749-b227046a74998cb7.js":"ae277651ad6fd0bb64bdf2c6fdef3c42fe3d09e49450273e5e92f53dc028a515","/_next/static/chunks/250-1225a43668576140.js":"6c7cb27f44c7024f1d814b59058811701fb742899d29e5492a5e467fd88ec14a","/_next/static/chunks/app/_not-found-09601a18e7878a74.js":"3b6d23a7d18d82f826b4efc7b72106645b3cc50a82f95fd0d1a826cc87ea3605","/_next/static/chunks/app/page-c2382d9532da79a0.js":"299677324970abfaa4dcada57d87b43d58bcd2075f86a1c377231b34750ec8d4","/_next/static/chunks/app/about/page-ef7347ad06be3921.js":"8bf6b328d2a74f84399c45f8b4ab545117ff9ae9282f76533eadfac205f828e2","/_next/static/chunks/webpack-c66b299b93219fb6.js":"78147eff5074947eb1d56072fb7ebfc0c619eb8480d742917461cfba7c17f06d","/_next/static/chunks/app/about/team/page-f5fba9474213d05e.js":"f57579a3e4054769399c8e55982fa4fee392a5beba65a2e4e30356caa52a7c88","/_next/static/chunks/pages/_app-75f6107b0260711c.js":"1cf48636c2a79a72856bb37515898d3360980bbe701a04dcd65e6e1610de5257","/_next/static/chunks/app/layout-fc68f71b2cedc01b.js":"f13fbb18f6bfe5b7d079cee72123e02a7bbd5197451e26c44d8418a8266aa1af","/_next/static/chunks/app/posts/[slug]/page-86a94fab8ab1954f.js":"d730f89457cb3df7f3538fbd5d434c010e7c614740e78d5b5530a388216385d3","/_next/static/css/547320eb088c4610.css":"13c4ce1455c5523ee57744e5ff2d3715d6d911c7651f31df084c957e0622595d","/_next/static/css/277a9f65ecbc13a2.css":"2fe1a34db38e03f367f30e33e0d9fcf649046e3d7a12ce0d52d455339f318ff3","/_next/static/css/2b36046f77eaf82c.css":"e1c622370e7fd41b9db7ebd766e19a4e078cd88b60ab53a6341e83dacbae0032","/_next/static/chunks/pages/_error-9a890acb1e81c3fc.js":"978dc3e19b03750b68fc245efa1eba5f5d5c859747603d94d5feeedc3f02e4d8","/_next/static/css/cd21423c0d40adb2.css":"a8cbae2b7b234dadb059b52ec013be3353364fe9907a5e9d910336dcd950a6af","/_next/static/css/cb531acb3dd1b01e.css":"798c91ecc952414b3de4ab7fef47f845f21d288ef77106a6231d297675666778","/_next/static/chunks/app/about/theme/page-568ca7ebe40b43c9.js":"25bce5a6deaaf450046152977b382f6d771e0a4b458d1b619d868fb875d427e8","/_next/static/css/e2a144014b7c9ed5.css":"31abed5d821b9fcce94925a72f8023197be1a4ca8d6cb36a007b1dfa25692ee3","/_next/static/css/9ee3a84d0266de7c.css":"0d4a42465a6bc6214df8a6b070aa77f8ff6c58642a5c78ec753458bffdffc47e","/_next/static/chunks/app/about/charter/page-1360336e6cfa1cf1.js":"24779d55eb1f615b8dc3ae8910d5fad6a29ef9c6d124ae76c058264d3061c84b","/_next/static/chunks/polyfills-c67a75d1b6f99dc8.js":"9f22ebbc1e5746bc08aa476baa8169d3ac2c27814dba6bf675b749113ac4943e","/_next/static/chunks/69-d99483c53a650561.js":"33fa321128c35b5edbce22bf5513162f97f5e44abfb2ce0f0cd186d3b419ff8b","/_next/static/chunks/main-feb3fe574c5b25a2.js":"e5919bc5c88d785bfa60d37ec7dd31b096d3c387d5c098ea21a525a800823e26","/about/charter.html":"d1d6613655c9355a900f8d7c3741be60693b86583e5c5856cb745b17b7f430a5","/about/team.html":"23f96c51c3d573e72b7a8da87fa0141c5b504d6476b2347c4b34e840b4b91fb4","/about/theme.html":"aaa008e658fe88c19b2c67e2e2d6e54bf033e8eed6664af564021be4e672c9d5","/_next/static/chunks/framework-aec844d2ccbe7592.js":"cc7c6067a86256348371aeb89094b5e79dde940922de6558a4106fe13e8aab63","/_next/static/chunks/fd9d1056-109d1362b0553d90.js":"fa6d7c6fd0f19cc793f93e81e42ca83a210d07d71ab006e29ba894a1a85a9526","/coding.png":"6ba53641295d70ab53c438fc39536471ea38ae976ba6b85ee3a290abc95d851b","/Virtu_small.png":"00f2ce3404b37dd274997c800f087be7ba4eadcd1c07a078b3f7d20b08c69ce3","/_next/static/media/640c8b670445e49d-s.p.ttf":"70d793ee1042d92e28855f19962106420de500e17edfd43a89c99b4ac16d70f7","/style.png":"82c3052b62f59f71e2944f6c850dd44a5a46ff42f37929aa0672c6363c925774","/food.png":"f0b9ffe09829aca2b77b64698d86bfa06851f0bc69d6ce6aea5df42f1c810ef1","/fashion.png":"973579944045938fe8f1bf3cba0d54f3e51b6f38b2e808db7f6a530749943fd5","/p1.jpeg":"4ec20c183b94eea4f5a070e2712df1d3de28c921b50af1f93db37260faf8017c","/culture.png":"4ec20c183b94eea4f5a070e2712df1d3de28c921b50af1f93db37260faf8017c","/travel.png":"1943d69410e185b1f065934b017c24cdedc7a7ed2ebc8e35b093e1c5ade960ed","/Vexed_to_Nightmare.png":"32c3f9054c921e492bf304e5adb3f859448a31154c29be848973fabf45f7329d","/Virtu_large.png":"e629e3c14288d6b182315fc903cb97fe516d3857c4ee566932c92bb0dc5cab6e"}}
[debug] [2024-04-10T04:26:53.615Z] <<< [apiv2][status] POST https://firebasehosting.googleapis.com/v1beta1/projects/284477716776/sites/virtu-e3652/versions/b0e7f0f34deda927:populateFiles 200
[debug] [2024-04-10T04:26:53.615Z] <<< [apiv2][body] POST https://firebasehosting.googleapis.com/v1beta1/projects/284477716776/sites/virtu-e3652/versions/b0e7f0f34deda927:populateFiles {"uploadRequiredHashes":["f13fbb18f6bfe5b7d079cee72123e02a7bbd5197451e26c44d8418a8266aa1af","e460c5860272451eff92828f10dba5f8e57eaf9242b1d2bf1f7687ce1b9b3909","18283b9b6fb0d48c72d6490ed251363615e5cca0f23dab437efeb3bb85fa698a","96cc267b2c84cf402cdf38df7dfc4138822cd9d8e57430fb13b06ac5530add82","22b68e336902efaf460076f08d1cfca7e6b10d5e86e5af2e3165889aba3d798a","32c3f9054c921e492bf304e5adb3f859448a31154c29be848973fabf45f7329d","d1d6613655c9355a900f8d7c3741be60693b86583e5c5856cb745b17b7f430a5","aaa008e658fe88c19b2c67e2e2d6e54bf033e8eed6664af564021be4e672c9d5","0649b82e2551974db38bed960e30284aaffe7480a5e1e2a9039194f5aa153bf4","35ddd38ad52e55b82364699c0438799db478a04b55c32a2f99c816601e170861","82c3052b62f59f71e2944f6c850dd44a5a46ff42f37929aa0672c6363c925774","1943d69410e185b1f065934b017c24cdedc7a7ed2ebc8e35b093e1c5ade960ed","df91f8ca8fbf58332b43ba9f58b032ba6fa95250d19f012ea40e10d2292fccbb","973579944045938fe8f1bf3cba0d54f3e51b6f38b2e808db7f6a530749943fd5","0d4a42465a6bc6214df8a6b070aa77f8ff6c58642a5c78ec753458bffdffc47e","31abed5d821b9fcce94925a72f8023197be1a4ca8d6cb36a007b1dfa25692ee3","3f0cc69b16d9a389507f77d6436f96d8738cbb90334cb44f7cb280d62ac2dac7","e629e3c14288d6b182315fc903cb97fe516d3857c4ee566932c92bb0dc5cab6e","4ec20c183b94eea4f5a070e2712df1d3de28c921b50af1f93db37260faf8017c","78147eff5074947eb1d56072fb7ebfc0c619eb8480d742917461cfba7c17f06d","299677324970abfaa4dcada57d87b43d58bcd2075f86a1c377231b34750ec8d4","6ba53641295d70ab53c438fc39536471ea38ae976ba6b85ee3a290abc95d851b","f0b9ffe09829aca2b77b64698d86bfa06851f0bc69d6ce6aea5df42f1c810ef1","00f2ce3404b37dd274997c800f087be7ba4eadcd1c07a078b3f7d20b08c69ce3","453cca67cb4ab77b6b2d383f0c6937344faf22ca71bab1628362403c85aa1bb7","23f96c51c3d573e72b7a8da87fa0141c5b504d6476b2347c4b34e840b4b91fb4","e26a6096545d80e008f869d91a36314950a22f23252da69e7b1d43476cff3629"],"uploadUrl":"https://upload-firebasehosting.googleapis.com/upload/sites/virtu-e3652/versions/b0e7f0f34deda927/files"}
[debug] [2024-04-10T04:26:53.616Z] >>> [apiv2][query] POST https://upload-firebasehosting.googleapis.com/upload/sites/virtu-e3652/versions/b0e7f0f34deda927/files/f13fbb18f6bfe5b7d079cee72123e02a7bbd5197451e26c44d8418a8266aa1af [none]
[debug] [2024-04-10T04:26:53.616Z] >>> [apiv2][body] POST https://upload-firebasehosting.googleapis.com/upload/sites/virtu-e3652/versions/b0e7f0f34deda927/files/f13fbb18f6bfe5b7d079cee72123e02a7bbd5197451e26c44d8418a8266aa1af [stream]
[debug] [2024-04-10T04:26:53.617Z] >>> [apiv2][query] POST https://upload-firebasehosting.googleapis.com/upload/sites/virtu-e3652/versions/b0e7f0f34deda927/files/e460c5860272451eff92828f10dba5f8e57eaf9242b1d2bf1f7687ce1b9b3909 [none]
[debug] [2024-04-10T04:26:53.617Z] >>> [apiv2][body] POST https://upload-firebasehosting.googleapis.com/upload/sites/virtu-e3652/versions/b0e7f0f34deda927/files/e460c5860272451eff92828f10dba5f8e57eaf9242b1d2bf1f7687ce1b9b3909 [stream]
[debug] [2024-04-10T04:26:53.617Z] >>> [apiv2][query] POST https://upload-firebasehosting.googleapis.com/upload/sites/virtu-e3652/versions/b0e7f0f34deda927/files/18283b9b6fb0d48c72d6490ed251363615e5cca0f23dab437efeb3bb85fa698a [none]
[debug] [2024-04-10T04:26:53.617Z] >>> [apiv2][body] POST https://upload-firebasehosting.googleapis.com/upload/sites/virtu-e3652/versions/b0e7f0f34deda927/files/18283b9b6fb0d48c72d6490ed251363615e5cca0f23dab437efeb3bb85fa698a [stream]
[debug] [2024-04-10T04:26:53.617Z] >>> [apiv2][query] POST https://upload-firebasehosting.googleapis.com/upload/sites/virtu-e3652/versions/b0e7f0f34deda927/files/96cc267b2c84cf402cdf38df7dfc4138822cd9d8e57430fb13b06ac5530add82 [none]
[debug] [2024-04-10T04:26:53.617Z] >>> [apiv2][body] POST https://upload-firebasehosting.googleapis.com/upload/sites/virtu-e3652/versions/b0e7f0f34deda927/files/96cc267b2c84cf402cdf38df7dfc4138822cd9d8e57430fb13b06ac5530add82 [stream]
[debug] [2024-04-10T04:26:53.618Z] >>> [apiv2][query] POST https://upload-firebasehosting.googleapis.com/upload/sites/virtu-e3652/versions/b0e7f0f34deda927/files/22b68e336902efaf460076f08d1cfca7e6b10d5e86e5af2e3165889aba3d798a [none]
[debug] [2024-04-10T04:26:53.618Z] >>> [apiv2][body] POST https://upload-firebasehosting.googleapis.com/upload/sites/virtu-e3652/versions/b0e7f0f34deda927/files/22b68e336902efaf460076f08d1cfca7e6b10d5e86e5af2e3165889aba3d798a [stream]
[debug] [2024-04-10T04:26:53.618Z] >>> [apiv2][query] POST https://upload-firebasehosting.googleapis.com/upload/sites/virtu-e3652/versions/b0e7f0f34deda927/files/32c3f9054c921e492bf304e5adb3f859448a31154c29be848973fabf45f7329d [none]
[debug] [2024-04-10T04:26:53.618Z] >>> [apiv2][body] POST https://upload-firebasehosting.googleapis.com/upload/sites/virtu-e3652/versions/b0e7f0f34deda927/files/32c3f9054c921e492bf304e5adb3f859448a31154c29be848973fabf45f7329d [stream]
[debug] [2024-04-10T04:26:53.618Z] >>> [apiv2][query] POST https://upload-firebasehosting.googleapis.com/upload/sites/virtu-e3652/versions/b0e7f0f34deda927/files/d1d6613655c9355a900f8d7c3741be60693b86583e5c5856cb745b17b7f430a5 [none]
[debug] [2024-04-10T04:26:53.618Z] >>> [apiv2][body] POST https://upload-firebasehosting.googleapis.com/upload/sites/virtu-e3652/versions/b0e7f0f34deda927/files/d1d6613655c9355a900f8d7c3741be60693b86583e5c5856cb745b17b7f430a5 [stream]
[debug] [2024-04-10T04:26:53.618Z] >>> [apiv2][query] POST https://upload-firebasehosting.googleapis.com/upload/sites/virtu-e3652/versions/b0e7f0f34deda927/files/aaa008e658fe88c19b2c67e2e2d6e54bf033e8eed6664af564021be4e672c9d5 [none]
[debug] [2024-04-10T04:26:53.618Z] >>> [apiv2][body] POST https://upload-firebasehosting.googleapis.com/upload/sites/virtu-e3652/versions/b0e7f0f34deda927/files/aaa008e658fe88c19b2c67e2e2d6e54bf033e8eed6664af564021be4e672c9d5 [stream]
[debug] [2024-04-10T04:26:53.619Z] >>> [apiv2][query] POST https://upload-firebasehosting.googleapis.com/upload/sites/virtu-e3652/versions/b0e7f0f34deda927/files/0649b82e2551974db38bed960e30284aaffe7480a5e1e2a9039194f5aa153bf4 [none]
[debug] [2024-04-10T04:26:53.619Z] >>> [apiv2][body] POST https://upload-firebasehosting.googleapis.com/upload/sites/virtu-e3652/versions/b0e7f0f34deda927/files/0649b82e2551974db38bed960e30284aaffe7480a5e1e2a9039194f5aa153bf4 [stream]
[debug] [2024-04-10T04:26:53.619Z] >>> [apiv2][query] POST https://upload-firebasehosting.googleapis.com/upload/sites/virtu-e3652/versions/b0e7f0f34deda927/files/35ddd38ad52e55b82364699c0438799db478a04b55c32a2f99c816601e170861 [none]
[debug] [2024-04-10T04:26:53.619Z] >>> [apiv2][body] POST https://upload-firebasehosting.googleapis.com/upload/sites/virtu-e3652/versions/b0e7f0f34deda927/files/35ddd38ad52e55b82364699c0438799db478a04b55c32a2f99c816601e170861 [stream]
[debug] [2024-04-10T04:26:53.619Z] >>> [apiv2][query] POST https://upload-firebasehosting.googleapis.com/upload/sites/virtu-e3652/versions/b0e7f0f34deda927/files/82c3052b62f59f71e2944f6c850dd44a5a46ff42f37929aa0672c6363c925774 [none]
[debug] [2024-04-10T04:26:53.619Z] >>> [apiv2][body] POST https://upload-firebasehosting.googleapis.com/upload/sites/virtu-e3652/versions/b0e7f0f34deda927/files/82c3052b62f59f71e2944f6c850dd44a5a46ff42f37929aa0672c6363c925774 [stream]
[debug] [2024-04-10T04:26:53.620Z] >>> [apiv2][query] POST https://upload-firebasehosting.googleapis.com/upload/sites/virtu-e3652/versions/b0e7f0f34deda927/files/1943d69410e185b1f065934b017c24cdedc7a7ed2ebc8e35b093e1c5ade960ed [none]
[debug] [2024-04-10T04:26:53.620Z] >>> [apiv2][body] POST https://upload-firebasehosting.googleapis.com/upload/sites/virtu-e3652/versions/b0e7f0f34deda927/files/1943d69410e185b1f065934b017c24cdedc7a7ed2ebc8e35b093e1c5ade960ed [stream]
[debug] [2024-04-10T04:26:53.620Z] >>> [apiv2][query] POST https://upload-firebasehosting.googleapis.com/upload/sites/virtu-e3652/versions/b0e7f0f34deda927/files/df91f8ca8fbf58332b43ba9f58b032ba6fa95250d19f012ea40e10d2292fccbb [none]
[debug] [2024-04-10T04:26:53.620Z] >>> [apiv2][body] POST https://upload-firebasehosting.googleapis.com/upload/sites/virtu-e3652/versions/b0e7f0f34deda927/files/df91f8ca8fbf58332b43ba9f58b032ba6fa95250d19f012ea40e10d2292fccbb [stream]
[debug] [2024-04-10T04:26:53.620Z] >>> [apiv2][query] POST https://upload-firebasehosting.googleapis.com/upload/sites/virtu-e3652/versions/b0e7f0f34deda927/files/973579944045938fe8f1bf3cba0d54f3e51b6f38b2e808db7f6a530749943fd5 [none]
[debug] [2024-04-10T04:26:53.620Z] >>> [apiv2][body] POST https://upload-firebasehosting.googleapis.com/upload/sites/virtu-e3652/versions/b0e7f0f34deda927/files/973579944045938fe8f1bf3cba0d54f3e51b6f38b2e808db7f6a530749943fd5 [stream]
[debug] [2024-04-10T04:26:53.620Z] >>> [apiv2][query] POST https://upload-firebasehosting.googleapis.com/upload/sites/virtu-e3652/versions/b0e7f0f34deda927/files/0d4a42465a6bc6214df8a6b070aa77f8ff6c58642a5c78ec753458bffdffc47e [none]
[debug] [2024-04-10T04:26:53.620Z] >>> [apiv2][body] POST https://upload-firebasehosting.googleapis.com/upload/sites/virtu-e3652/versions/b0e7f0f34deda927/files/0d4a42465a6bc6214df8a6b070aa77f8ff6c58642a5c78ec753458bffdffc47e [stream]
[debug] [2024-04-10T04:26:53.621Z] >>> [apiv2][query] POST https://upload-firebasehosting.googleapis.com/upload/sites/virtu-e3652/versions/b0e7f0f34deda927/files/31abed5d821b9fcce94925a72f8023197be1a4ca8d6cb36a007b1dfa25692ee3 [none]
[debug] [2024-04-10T04:26:53.621Z] >>> [apiv2][body] POST https://upload-firebasehosting.googleapis.com/upload/sites/virtu-e3652/versions/b0e7f0f34deda927/files/31abed5d821b9fcce94925a72f8023197be1a4ca8d6cb36a007b1dfa25692ee3 [stream]
[debug] [2024-04-10T04:26:53.621Z] >>> [apiv2][query] POST https://upload-firebasehosting.googleapis.com/upload/sites/virtu-e3652/versions/b0e7f0f34deda927/files/3f0cc69b16d9a389507f77d6436f96d8738cbb90334cb44f7cb280d62ac2dac7 [none]
[debug] [2024-04-10T04:26:53.621Z] >>> [apiv2][body] POST https://upload-firebasehosting.googleapis.com/upload/sites/virtu-e3652/versions/b0e7f0f34deda927/files/3f0cc69b16d9a389507f77d6436f96d8738cbb90334cb44f7cb280d62ac2dac7 [stream]
[debug] [2024-04-10T04:26:53.622Z] >>> [apiv2][query] POST https://upload-firebasehosting.googleapis.com/upload/sites/virtu-e3652/versions/b0e7f0f34deda927/files/e629e3c14288d6b182315fc903cb97fe516d3857c4ee566932c92bb0dc5cab6e [none]
[debug] [2024-04-10T04:26:53.622Z] >>> [apiv2][body] POST https://upload-firebasehosting.googleapis.com/upload/sites/virtu-e3652/versions/b0e7f0f34deda927/files/e629e3c14288d6b182315fc903cb97fe516d3857c4ee566932c92bb0dc5cab6e [stream]
[debug] [2024-04-10T04:26:53.622Z] >>> [apiv2][query] POST https://upload-firebasehosting.googleapis.com/upload/sites/virtu-e3652/versions/b0e7f0f34deda927/files/4ec20c183b94eea4f5a070e2712df1d3de28c921b50af1f93db37260faf8017c [none]
[debug] [2024-04-10T04:26:53.622Z] >>> [apiv2][body] POST https://upload-firebasehosting.googleapis.com/upload/sites/virtu-e3652/versions/b0e7f0f34deda927/files/4ec20c183b94eea4f5a070e2712df1d3de28c921b50af1f93db37260faf8017c [stream]
[debug] [2024-04-10T04:26:53.622Z] >>> [apiv2][query] POST https://upload-firebasehosting.googleapis.com/upload/sites/virtu-e3652/versions/b0e7f0f34deda927/files/78147eff5074947eb1d56072fb7ebfc0c619eb8480d742917461cfba7c17f06d [none]
[debug] [2024-04-10T04:26:53.622Z] >>> [apiv2][body] POST https://upload-firebasehosting.googleapis.com/upload/sites/virtu-e3652/versions/b0e7f0f34deda927/files/78147eff5074947eb1d56072fb7ebfc0c619eb8480d742917461cfba7c17f06d [stream]
[debug] [2024-04-10T04:26:53.622Z] >>> [apiv2][query] POST https://upload-firebasehosting.googleapis.com/upload/sites/virtu-e3652/versions/b0e7f0f34deda927/files/299677324970abfaa4dcada57d87b43d58bcd2075f86a1c377231b34750ec8d4 [none]
[debug] [2024-04-10T04:26:53.622Z] >>> [apiv2][body] POST https://upload-firebasehosting.googleapis.com/upload/sites/virtu-e3652/versions/b0e7f0f34deda927/files/299677324970abfaa4dcada57d87b43d58bcd2075f86a1c377231b34750ec8d4 [stream]
[debug] [2024-04-10T04:26:53.622Z] >>> [apiv2][query] POST https://upload-firebasehosting.googleapis.com/upload/sites/virtu-e3652/versions/b0e7f0f34deda927/files/6ba53641295d70ab53c438fc39536471ea38ae976ba6b85ee3a290abc95d851b [none]
[debug] [2024-04-10T04:26:53.622Z] >>> [apiv2][body] POST https://upload-firebasehosting.googleapis.com/upload/sites/virtu-e3652/versions/b0e7f0f34deda927/files/6ba53641295d70ab53c438fc39536471ea38ae976ba6b85ee3a290abc95d851b [stream]
[debug] [2024-04-10T04:26:53.623Z] >>> [apiv2][query] POST https://upload-firebasehosting.googleapis.com/upload/sites/virtu-e3652/versions/b0e7f0f34deda927/files/f0b9ffe09829aca2b77b64698d86bfa06851f0bc69d6ce6aea5df42f1c810ef1 [none]
[debug] [2024-04-10T04:26:53.623Z] >>> [apiv2][body] POST https://upload-firebasehosting.googleapis.com/upload/sites/virtu-e3652/versions/b0e7f0f34deda927/files/f0b9ffe09829aca2b77b64698d86bfa06851f0bc69d6ce6aea5df42f1c810ef1 [stream]
[debug] [2024-04-10T04:26:53.623Z] >>> [apiv2][query] POST https://upload-firebasehosting.googleapis.com/upload/sites/virtu-e3652/versions/b0e7f0f34deda927/files/00f2ce3404b37dd274997c800f087be7ba4eadcd1c07a078b3f7d20b08c69ce3 [none]
[debug] [2024-04-10T04:26:53.623Z] >>> [apiv2][body] POST https://upload-firebasehosting.googleapis.com/upload/sites/virtu-e3652/versions/b0e7f0f34deda927/files/00f2ce3404b37dd274997c800f087be7ba4eadcd1c07a078b3f7d20b08c69ce3 [stream]
[debug] [2024-04-10T04:26:53.623Z] >>> [apiv2][query] POST https://upload-firebasehosting.googleapis.com/upload/sites/virtu-e3652/versions/b0e7f0f34deda927/files/453cca67cb4ab77b6b2d383f0c6937344faf22ca71bab1628362403c85aa1bb7 [none]
[debug] [2024-04-10T04:26:53.623Z] >>> [apiv2][body] POST https://upload-firebasehosting.googleapis.com/upload/sites/virtu-e3652/versions/b0e7f0f34deda927/files/453cca67cb4ab77b6b2d383f0c6937344faf22ca71bab1628362403c85aa1bb7 [stream]
[debug] [2024-04-10T04:26:53.624Z] >>> [apiv2][query] POST https://upload-firebasehosting.googleapis.com/upload/sites/virtu-e3652/versions/b0e7f0f34deda927/files/23f96c51c3d573e72b7a8da87fa0141c5b504d6476b2347c4b34e840b4b91fb4 [none]
[debug] [2024-04-10T04:26:53.624Z] >>> [apiv2][body] POST https://upload-firebasehosting.googleapis.com/upload/sites/virtu-e3652/versions/b0e7f0f34deda927/files/23f96c51c3d573e72b7a8da87fa0141c5b504d6476b2347c4b34e840b4b91fb4 [stream]
[debug] [2024-04-10T04:26:53.624Z] >>> [apiv2][query] POST https://upload-firebasehosting.googleapis.com/upload/sites/virtu-e3652/versions/b0e7f0f34deda927/files/e26a6096545d80e008f869d91a36314950a22f23252da69e7b1d43476cff3629 [none]
[debug] [2024-04-10T04:26:53.624Z] >>> [apiv2][body] POST https://upload-firebasehosting.googleapis.com/upload/sites/virtu-e3652/versions/b0e7f0f34deda927/files/e26a6096545d80e008f869d91a36314950a22f23252da69e7b1d43476cff3629 [stream]
[debug] [2024-04-10T04:26:53.624Z] [hosting][populate queue][FINAL] {"max":228,"min":228,"avg":228,"active":0,"complete":1,"success":1,"errored":0,"retried":0,"total":1,"elapsed":236}
[debug] [2024-04-10T04:26:53.624Z] [hosting] uploads queued: 27
[debug] [2024-04-10T04:26:53.996Z] <<< [apiv2][status] POST https://upload-firebasehosting.googleapis.com/upload/sites/virtu-e3652/versions/b0e7f0f34deda927/files/df91f8ca8fbf58332b43ba9f58b032ba6fa95250d19f012ea40e10d2292fccbb 200
[debug] [2024-04-10T04:26:53.996Z] <<< [apiv2][body] POST https://upload-firebasehosting.googleapis.com/upload/sites/virtu-e3652/versions/b0e7f0f34deda927/files/df91f8ca8fbf58332b43ba9f58b032ba6fa95250d19f012ea40e10d2292fccbb [stream]
[debug] [2024-04-10T04:26:53.996Z] <<< [apiv2][status] POST https://upload-firebasehosting.googleapis.com/upload/sites/virtu-e3652/versions/b0e7f0f34deda927/files/e26a6096545d80e008f869d91a36314950a22f23252da69e7b1d43476cff3629 200
[debug] [2024-04-10T04:26:53.996Z] <<< [apiv2][body] POST https://upload-firebasehosting.googleapis.com/upload/sites/virtu-e3652/versions/b0e7f0f34deda927/files/e26a6096545d80e008f869d91a36314950a22f23252da69e7b1d43476cff3629 [stream]
[debug] [2024-04-10T04:26:53.996Z] <<< [apiv2][status] POST https://upload-firebasehosting.googleapis.com/upload/sites/virtu-e3652/versions/b0e7f0f34deda927/files/0649b82e2551974db38bed960e30284aaffe7480a5e1e2a9039194f5aa153bf4 200
[debug] [2024-04-10T04:26:53.996Z] <<< [apiv2][body] POST https://upload-firebasehosting.googleapis.com/upload/sites/virtu-e3652/versions/b0e7f0f34deda927/files/0649b82e2551974db38bed960e30284aaffe7480a5e1e2a9039194f5aa153bf4 [stream]
[debug] [2024-04-10T04:26:53.996Z] <<< [apiv2][status] POST https://upload-firebasehosting.googleapis.com/upload/sites/virtu-e3652/versions/b0e7f0f34deda927/files/3f0cc69b16d9a389507f77d6436f96d8738cbb90334cb44f7cb280d62ac2dac7 200
[debug] [2024-04-10T04:26:53.996Z] <<< [apiv2][body] POST https://upload-firebasehosting.googleapis.com/upload/sites/virtu-e3652/versions/b0e7f0f34deda927/files/3f0cc69b16d9a389507f77d6436f96d8738cbb90334cb44f7cb280d62ac2dac7 [stream]
[debug] [2024-04-10T04:26:53.997Z] <<< [apiv2][status] POST https://upload-firebasehosting.googleapis.com/upload/sites/virtu-e3652/versions/b0e7f0f34deda927/files/453cca67cb4ab77b6b2d383f0c6937344faf22ca71bab1628362403c85aa1bb7 200
[debug] [2024-04-10T04:26:53.997Z] <<< [apiv2][body] POST https://upload-firebasehosting.googleapis.com/upload/sites/virtu-e3652/versions/b0e7f0f34deda927/files/453cca67cb4ab77b6b2d383f0c6937344faf22ca71bab1628362403c85aa1bb7 [stream]
[debug] [2024-04-10T04:26:53.997Z] <<< [apiv2][status] POST https://upload-firebasehosting.googleapis.com/upload/sites/virtu-e3652/versions/b0e7f0f34deda927/files/18283b9b6fb0d48c72d6490ed251363615e5cca0f23dab437efeb3bb85fa698a 200
[debug] [2024-04-10T04:26:53.997Z] <<< [apiv2][body] POST https://upload-firebasehosting.googleapis.com/upload/sites/virtu-e3652/versions/b0e7f0f34deda927/files/18283b9b6fb0d48c72d6490ed251363615e5cca0f23dab437efeb3bb85fa698a [stream]
[debug] [2024-04-10T04:26:53.998Z] <<< [apiv2][status] POST https://upload-firebasehosting.googleapis.com/upload/sites/virtu-e3652/versions/b0e7f0f34deda927/files/78147eff5074947eb1d56072fb7ebfc0c619eb8480d742917461cfba7c17f06d 200
[debug] [2024-04-10T04:26:53.998Z] <<< [apiv2][body] POST https://upload-firebasehosting.googleapis.com/upload/sites/virtu-e3652/versions/b0e7f0f34deda927/files/78147eff5074947eb1d56072fb7ebfc0c619eb8480d742917461cfba7c17f06d [stream]
[debug] [2024-04-10T04:26:54.006Z] <<< [apiv2][status] POST https://upload-firebasehosting.googleapis.com/upload/sites/virtu-e3652/versions/b0e7f0f34deda927/files/96cc267b2c84cf402cdf38df7dfc4138822cd9d8e57430fb13b06ac5530add82 200
[debug] [2024-04-10T04:26:54.006Z] <<< [apiv2][body] POST https://upload-firebasehosting.googleapis.com/upload/sites/virtu-e3652/versions/b0e7f0f34deda927/files/96cc267b2c84cf402cdf38df7dfc4138822cd9d8e57430fb13b06ac5530add82 [stream]
[debug] [2024-04-10T04:26:54.031Z] <<< [apiv2][status] POST https://upload-firebasehosting.googleapis.com/upload/sites/virtu-e3652/versions/b0e7f0f34deda927/files/35ddd38ad52e55b82364699c0438799db478a04b55c32a2f99c816601e170861 200
[debug] [2024-04-10T04:26:54.031Z] <<< [apiv2][body] POST https://upload-firebasehosting.googleapis.com/upload/sites/virtu-e3652/versions/b0e7f0f34deda927/files/35ddd38ad52e55b82364699c0438799db478a04b55c32a2f99c816601e170861 [stream]
[debug] [2024-04-10T04:26:54.039Z] <<< [apiv2][status] POST https://upload-firebasehosting.googleapis.com/upload/sites/virtu-e3652/versions/b0e7f0f34deda927/files/f13fbb18f6bfe5b7d079cee72123e02a7bbd5197451e26c44d8418a8266aa1af 200
[debug] [2024-04-10T04:26:54.039Z] <<< [apiv2][body] POST https://upload-firebasehosting.googleapis.com/upload/sites/virtu-e3652/versions/b0e7f0f34deda927/files/f13fbb18f6bfe5b7d079cee72123e02a7bbd5197451e26c44d8418a8266aa1af [stream]
[debug] [2024-04-10T04:26:54.087Z] <<< [apiv2][status] POST https://upload-firebasehosting.googleapis.com/upload/sites/virtu-e3652/versions/b0e7f0f34deda927/files/23f96c51c3d573e72b7a8da87fa0141c5b504d6476b2347c4b34e840b4b91fb4 200
[debug] [2024-04-10T04:26:54.087Z] <<< [apiv2][body] POST https://upload-firebasehosting.googleapis.com/upload/sites/virtu-e3652/versions/b0e7f0f34deda927/files/23f96c51c3d573e72b7a8da87fa0141c5b504d6476b2347c4b34e840b4b91fb4 [stream]
[debug] [2024-04-10T04:26:54.091Z] <<< [apiv2][status] POST https://upload-firebasehosting.googleapis.com/upload/sites/virtu-e3652/versions/b0e7f0f34deda927/files/6ba53641295d70ab53c438fc39536471ea38ae976ba6b85ee3a290abc95d851b 200
[debug] [2024-04-10T04:26:54.091Z] <<< [apiv2][body] POST https://upload-firebasehosting.googleapis.com/upload/sites/virtu-e3652/versions/b0e7f0f34deda927/files/6ba53641295d70ab53c438fc39536471ea38ae976ba6b85ee3a290abc95d851b [stream]
[debug] [2024-04-10T04:26:54.112Z] <<< [apiv2][status] POST https://upload-firebasehosting.googleapis.com/upload/sites/virtu-e3652/versions/b0e7f0f34deda927/files/aaa008e658fe88c19b2c67e2e2d6e54bf033e8eed6664af564021be4e672c9d5 200
[debug] [2024-04-10T04:26:54.112Z] <<< [apiv2][body] POST https://upload-firebasehosting.googleapis.com/upload/sites/virtu-e3652/versions/b0e7f0f34deda927/files/aaa008e658fe88c19b2c67e2e2d6e54bf033e8eed6664af564021be4e672c9d5 [stream]
[debug] [2024-04-10T04:26:54.125Z] <<< [apiv2][status] POST https://upload-firebasehosting.googleapis.com/upload/sites/virtu-e3652/versions/b0e7f0f34deda927/files/31abed5d821b9fcce94925a72f8023197be1a4ca8d6cb36a007b1dfa25692ee3 200
[debug] [2024-04-10T04:26:54.125Z] <<< [apiv2][body] POST https://upload-firebasehosting.googleapis.com/upload/sites/virtu-e3652/versions/b0e7f0f34deda927/files/31abed5d821b9fcce94925a72f8023197be1a4ca8d6cb36a007b1dfa25692ee3 [stream]
[debug] [2024-04-10T04:26:54.125Z] <<< [apiv2][status] POST https://upload-firebasehosting.googleapis.com/upload/sites/virtu-e3652/versions/b0e7f0f34deda927/files/e460c5860272451eff92828f10dba5f8e57eaf9242b1d2bf1f7687ce1b9b3909 200
[debug] [2024-04-10T04:26:54.125Z] <<< [apiv2][body] POST https://upload-firebasehosting.googleapis.com/upload/sites/virtu-e3652/versions/b0e7f0f34deda927/files/e460c5860272451eff92828f10dba5f8e57eaf9242b1d2bf1f7687ce1b9b3909 [stream]
[debug] [2024-04-10T04:26:54.134Z] <<< [apiv2][status] POST https://upload-firebasehosting.googleapis.com/upload/sites/virtu-e3652/versions/b0e7f0f34deda927/files/22b68e336902efaf460076f08d1cfca7e6b10d5e86e5af2e3165889aba3d798a 200
[debug] [2024-04-10T04:26:54.134Z] <<< [apiv2][body] POST https://upload-firebasehosting.googleapis.com/upload/sites/virtu-e3652/versions/b0e7f0f34deda927/files/22b68e336902efaf460076f08d1cfca7e6b10d5e86e5af2e3165889aba3d798a [stream]
[debug] [2024-04-10T04:26:54.148Z] <<< [apiv2][status] POST https://upload-firebasehosting.googleapis.com/upload/sites/virtu-e3652/versions/b0e7f0f34deda927/files/0d4a42465a6bc6214df8a6b070aa77f8ff6c58642a5c78ec753458bffdffc47e 200
[debug] [2024-04-10T04:26:54.148Z] <<< [apiv2][body] POST https://upload-firebasehosting.googleapis.com/upload/sites/virtu-e3652/versions/b0e7f0f34deda927/files/0d4a42465a6bc6214df8a6b070aa77f8ff6c58642a5c78ec753458bffdffc47e [stream]
[debug] [2024-04-10T04:26:54.164Z] <<< [apiv2][status] POST https://upload-firebasehosting.googleapis.com/upload/sites/virtu-e3652/versions/b0e7f0f34deda927/files/d1d6613655c9355a900f8d7c3741be60693b86583e5c5856cb745b17b7f430a5 200
[debug] [2024-04-10T04:26:54.164Z] <<< [apiv2][body] POST https://upload-firebasehosting.googleapis.com/upload/sites/virtu-e3652/versions/b0e7f0f34deda927/files/d1d6613655c9355a900f8d7c3741be60693b86583e5c5856cb745b17b7f430a5 [stream]
[debug] [2024-04-10T04:26:54.182Z] <<< [apiv2][status] POST https://upload-firebasehosting.googleapis.com/upload/sites/virtu-e3652/versions/b0e7f0f34deda927/files/00f2ce3404b37dd274997c800f087be7ba4eadcd1c07a078b3f7d20b08c69ce3 200
[debug] [2024-04-10T04:26:54.182Z] <<< [apiv2][body] POST https://upload-firebasehosting.googleapis.com/upload/sites/virtu-e3652/versions/b0e7f0f34deda927/files/00f2ce3404b37dd274997c800f087be7ba4eadcd1c07a078b3f7d20b08c69ce3 [stream]
[debug] [2024-04-10T04:26:54.184Z] <<< [apiv2][status] POST https://upload-firebasehosting.googleapis.com/upload/sites/virtu-e3652/versions/b0e7f0f34deda927/files/f0b9ffe09829aca2b77b64698d86bfa06851f0bc69d6ce6aea5df42f1c810ef1 200
[debug] [2024-04-10T04:26:54.184Z] <<< [apiv2][body] POST https://upload-firebasehosting.googleapis.com/upload/sites/virtu-e3652/versions/b0e7f0f34deda927/files/f0b9ffe09829aca2b77b64698d86bfa06851f0bc69d6ce6aea5df42f1c810ef1 [stream]
[debug] [2024-04-10T04:26:54.259Z] <<< [apiv2][status] POST https://upload-firebasehosting.googleapis.com/upload/sites/virtu-e3652/versions/b0e7f0f34deda927/files/82c3052b62f59f71e2944f6c850dd44a5a46ff42f37929aa0672c6363c925774 200
[debug] [2024-04-10T04:26:54.259Z] <<< [apiv2][body] POST https://upload-firebasehosting.googleapis.com/upload/sites/virtu-e3652/versions/b0e7f0f34deda927/files/82c3052b62f59f71e2944f6c850dd44a5a46ff42f37929aa0672c6363c925774 [stream]
[debug] [2024-04-10T04:26:54.259Z] <<< [apiv2][status] POST https://upload-firebasehosting.googleapis.com/upload/sites/virtu-e3652/versions/b0e7f0f34deda927/files/299677324970abfaa4dcada57d87b43d58bcd2075f86a1c377231b34750ec8d4 200
[debug] [2024-04-10T04:26:54.259Z] <<< [apiv2][body] POST https://upload-firebasehosting.googleapis.com/upload/sites/virtu-e3652/versions/b0e7f0f34deda927/files/299677324970abfaa4dcada57d87b43d58bcd2075f86a1c377231b34750ec8d4 [stream]
[debug] [2024-04-10T04:26:54.262Z] <<< [apiv2][status] POST https://upload-firebasehosting.googleapis.com/upload/sites/virtu-e3652/versions/b0e7f0f34deda927/files/973579944045938fe8f1bf3cba0d54f3e51b6f38b2e808db7f6a530749943fd5 200
[debug] [2024-04-10T04:26:54.262Z] <<< [apiv2][body] POST https://upload-firebasehosting.googleapis.com/upload/sites/virtu-e3652/versions/b0e7f0f34deda927/files/973579944045938fe8f1bf3cba0d54f3e51b6f38b2e808db7f6a530749943fd5 [stream]
[debug] [2024-04-10T04:26:54.292Z] <<< [apiv2][status] POST https://upload-firebasehosting.googleapis.com/upload/sites/virtu-e3652/versions/b0e7f0f34deda927/files/e629e3c14288d6b182315fc903cb97fe516d3857c4ee566932c92bb0dc5cab6e 200
[debug] [2024-04-10T04:26:54.292Z] <<< [apiv2][body] POST https://upload-firebasehosting.googleapis.com/upload/sites/virtu-e3652/versions/b0e7f0f34deda927/files/e629e3c14288d6b182315fc903cb97fe516d3857c4ee566932c92bb0dc5cab6e [stream]
[debug] [2024-04-10T04:26:54.330Z] <<< [apiv2][status] POST https://upload-firebasehosting.googleapis.com/upload/sites/virtu-e3652/versions/b0e7f0f34deda927/files/32c3f9054c921e492bf304e5adb3f859448a31154c29be848973fabf45f7329d 200
[debug] [2024-04-10T04:26:54.330Z] <<< [apiv2][body] POST https://upload-firebasehosting.googleapis.com/upload/sites/virtu-e3652/versions/b0e7f0f34deda927/files/32c3f9054c921e492bf304e5adb3f859448a31154c29be848973fabf45f7329d [stream]
[debug] [2024-04-10T04:26:54.364Z] <<< [apiv2][status] POST https://upload-firebasehosting.googleapis.com/upload/sites/virtu-e3652/versions/b0e7f0f34deda927/files/4ec20c183b94eea4f5a070e2712df1d3de28c921b50af1f93db37260faf8017c 200
[debug] [2024-04-10T04:26:54.364Z] <<< [apiv2][body] POST https://upload-firebasehosting.googleapis.com/upload/sites/virtu-e3652/versions/b0e7f0f34deda927/files/4ec20c183b94eea4f5a070e2712df1d3de28c921b50af1f93db37260faf8017c [stream]
[debug] [2024-04-10T04:26:54.372Z] <<< [apiv2][status] POST https://upload-firebasehosting.googleapis.com/upload/sites/virtu-e3652/versions/b0e7f0f34deda927/files/1943d69410e185b1f065934b017c24cdedc7a7ed2ebc8e35b093e1c5ade960ed 200
[debug] [2024-04-10T04:26:54.372Z] <<< [apiv2][body] POST https://upload-firebasehosting.googleapis.com/upload/sites/virtu-e3652/versions/b0e7f0f34deda927/files/1943d69410e185b1f065934b017c24cdedc7a7ed2ebc8e35b093e1c5ade960ed [stream]
[debug] [2024-04-10T04:26:54.372Z] [hosting][upload queue][FINAL] {"max":757,"min":380,"avg":515.8888888888889,"active":0,"complete":27,"success":27,"errored":0,"retried":0,"total":27,"elapsed":757}
[info] ✔  hosting[virtu-e3652]: file upload complete 
[debug] [2024-04-10T04:26:54.373Z] [hosting] deploy completed after 1048ms
[info] i  functions: creating Node.js 20 (2nd Gen) function firebase-frameworks-virtu-e3652:ssrvirtue3652(us-east1)... 
[debug] [2024-04-10T04:26:54.374Z] >>> [apiv2][query] POST https://cloudfunctions.googleapis.com/v2/projects/virtu-e3652/locations/us-east1/functions functionId=ssrvirtue3652
[debug] [2024-04-10T04:26:54.374Z] >>> [apiv2][body] POST https://cloudfunctions.googleapis.com/v2/projects/virtu-e3652/locations/us-east1/functions {"name":"projects/virtu-e3652/locations/us-east1/functions/ssrvirtue3652","buildConfig":{"runtime":"nodejs20","entryPoint":"ssrvirtue3652","source":{"storageSource":{"bucket":"gcf-v2-uploads-284477716776-us-east1","object":"a9fac571-81c4-4177-b415-415c0cdcfdc3.zip"}},"environmentVariables":{"GOOGLE_NODE_RUN_SCRIPTS":""}},"serviceConfig":{"environmentVariables":{"VERCEL_URL":"virtu-e3652.web.app","__FIREBASE_FRAMEWORKS_ENTRY__":"next.js","__FIREBASE_DEFAULTS__":"{\"config\":{\"projectId\":\"virtu-e3652\",\"storageBucket\":\"virtu-e3652.appspot.com\",\"apiKey\":\"AIzaSyBY-z2B_OZVSZTBz26a9CUPEldkqHj5KEY\",\"authDomain\":\"virtu-e3652.firebaseapp.com\",\"messagingSenderId\":\"284477716776\"},\"_authTokenSyncURL\":\"/__session\"}","FIREBASE_CONFIG":"{\"projectId\":\"virtu-e3652\",\"storageBucket\":\"virtu-e3652.appspot.com\"}","GCLOUD_PROJECT":"virtu-e3652","EVENTARC_CLOUD_EVENT_SOURCE":"projects/virtu-e3652/locations/us-east1/services/ssrvirtue3652","FUNCTION_TARGET":"ssrvirtue3652"},"ingressSettings":null,"timeoutSeconds":null,"serviceAccountEmail":null,"availableMemory":"256Mi","minInstanceCount":null,"maxInstanceCount":null,"maxInstanceRequestConcurrency":80,"availableCpu":"1","vpcConnector":null,"vpcConnectorEgressSettings":null},"labels":{"deployment-tool":"cli-firebase","firebase-functions-codebase":"firebase-frameworks-virtu-e3652","firebase-functions-hash":"4790360717e82b60d6299caaa015eefb6e8610ee"}}
[debug] [2024-04-10T04:26:55.566Z] <<< [apiv2][status] POST https://cloudfunctions.googleapis.com/v2/projects/virtu-e3652/locations/us-east1/functions 200
[debug] [2024-04-10T04:26:55.566Z] <<< [apiv2][body] POST https://cloudfunctions.googleapis.com/v2/projects/virtu-e3652/locations/us-east1/functions {"name":"projects/virtu-e3652/locations/us-east1/operations/operation-1712723214698-615b672cf89b6-2630f914-36107910","metadata":{"@type":"type.googleapis.com/google.cloud.functions.v2.OperationMetadata","createTime":"2024-04-10T04:26:55.615783852Z","target":"projects/virtu-e3652/locations/us-east1/functions/ssrvirtue3652","verb":"create","cancelRequested":false,"apiVersion":"v2"},"done":false}
[debug] [2024-04-10T04:26:55.567Z] >>> [apiv2][query] GET https://cloudfunctions.googleapis.com/v2/projects/virtu-e3652/locations/us-east1/operations/operation-1712723214698-615b672cf89b6-2630f914-36107910 [none]
[debug] [2024-04-10T04:26:55.694Z] <<< [apiv2][status] GET https://cloudfunctions.googleapis.com/v2/projects/virtu-e3652/locations/us-east1/operations/operation-1712723214698-615b672cf89b6-2630f914-36107910 200
[debug] [2024-04-10T04:26:55.694Z] <<< [apiv2][body] GET https://cloudfunctions.googleapis.com/v2/projects/virtu-e3652/locations/us-east1/operations/operation-1712723214698-615b672cf89b6-2630f914-36107910 {"name":"projects/virtu-e3652/locations/us-east1/operations/operation-1712723214698-615b672cf89b6-2630f914-36107910","metadata":{"@type":"type.googleapis.com/google.cloud.functions.v2.OperationMetadata","createTime":"2024-04-10T04:26:55.615783852Z","target":"projects/virtu-e3652/locations/us-east1/functions/ssrvirtue3652","verb":"create","cancelRequested":false,"apiVersion":"v2"},"done":false}
[debug] [2024-04-10T04:26:56.195Z] [create-firebase-frameworks-virtu-e3652-us-east1-ssrvirtue3652] Retrying task index 0
[debug] [2024-04-10T04:26:56.196Z] >>> [apiv2][query] GET https://cloudfunctions.googleapis.com/v2/projects/virtu-e3652/locations/us-east1/operations/operation-1712723214698-615b672cf89b6-2630f914-36107910 [none]
[debug] [2024-04-10T04:26:56.446Z] <<< [apiv2][status] GET https://cloudfunctions.googleapis.com/v2/projects/virtu-e3652/locations/us-east1/operations/operation-1712723214698-615b672cf89b6-2630f914-36107910 200
[debug] [2024-04-10T04:26:56.446Z] <<< [apiv2][body] GET https://cloudfunctions.googleapis.com/v2/projects/virtu-e3652/locations/us-east1/operations/operation-1712723214698-615b672cf89b6-2630f914-36107910 {"name":"projects/virtu-e3652/locations/us-east1/operations/operation-1712723214698-615b672cf89b6-2630f914-36107910","metadata":{"@type":"type.googleapis.com/google.cloud.functions.v2.OperationMetadata","createTime":"2024-04-10T04:26:55.615783852Z","target":"projects/virtu-e3652/locations/us-east1/functions/ssrvirtue3652","verb":"create","cancelRequested":false,"apiVersion":"v2","requestResource":{"@type":"type.googleapis.com/google.cloud.functions.v2.Function","name":"projects/virtu-e3652/locations/us-east1/functions/ssrvirtue3652","buildConfig":{"runtime":"nodejs20","entryPoint":"ssrvirtue3652","source":{"storageSource":{"bucket":"gcf-v2-sources-284477716776-us-east1","object":"ssrvirtue3652/function-source.zip","generation":"1712723215348834"}},"environmentVariables":{"GOOGLE_NODE_RUN_SCRIPTS":""}},"serviceConfig":{"service":"projects/virtu-e3652/locations/us-east1/services/ssrvirtue3652","timeoutSeconds":60,"environmentVariables":{"VERCEL_URL":"virtu-e3652.web.app","__FIREBASE_FRAMEWORKS_ENTRY__":"next.js","__FIREBASE_DEFAULTS__":"{\"config\":{\"projectId\":\"virtu-e3652\",\"storageBucket\":\"virtu-e3652.appspot.com\",\"apiKey\":\"AIzaSyBY-z2B_OZVSZTBz26a9CUPEldkqHj5KEY\",\"authDomain\":\"virtu-e3652.firebaseapp.com\",\"messagingSenderId\":\"284477716776\"},\"_authTokenSyncURL\":\"/__session\"}","FIREBASE_CONFIG":"{\"projectId\":\"virtu-e3652\",\"storageBucket\":\"virtu-e3652.appspot.com\"}","GCLOUD_PROJECT":"virtu-e3652","EVENTARC_CLOUD_EVENT_SOURCE":"projects/virtu-e3652/locations/us-east1/services/ssrvirtue3652","FUNCTION_TARGET":"ssrvirtue3652"},"ingressSettings":"ALLOW_ALL","serviceAccountEmail":"284477716776-compute@developer.gserviceaccount.com","availableMemory":"256Mi","maxInstanceRequestConcurrency":80,"availableCpu":"1"},"labels":{"deployment-tool":"cli-firebase","firebase-functions-codebase":"firebase-frameworks-virtu-e3652","firebase-functions-hash":"4790360717e82b60d6299caaa015eefb6e8610ee"},"environment":"GEN_2"},"stages":[{"name":"BUILD","state":"NOT_STARTED"},{"name":"SERVICE","state":"NOT_STARTED"}],"operationType":"CREATE_FUNCTION"},"done":false}
